INFO: [VRFC 10-2263] Analyzing Verilog file "D:/Xilinx/IR_TransmistterV2/Microprosessor/Microprosessor.srcs/sources_1/new/Generic_counter.v" into library xil_defaultlib
INFO: [VRFC 10-311] analyzing module Generic_counter
INFO: [VRFC 10-2263] Analyzing Verilog file "D:/Xilinx/IR_TransmistterV2/Microprosessor/Microprosessor.srcs/sources_1/new/ALU.v" into library xil_defaultlib
INFO: [VRFC 10-311] analyzing module ALU
INFO: [VRFC 10-2263] Analyzing Verilog file "D:/Xilinx/IR_TransmistterV2/Microprosessor/Microprosessor.srcs/sources_1/new/IR_Transmitter.v" into library xil_defaultlib
INFO: [VRFC 10-311] analyzing module IR_Transmitter
INFO: [VRFC 10-2263] Analyzing Verilog file "D:/Xilinx/IR_TransmistterV2/Microprosessor/Microprosessor.srcs/sources_1/new/Processor.v" into library xil_defaultlib
INFO: [VRFC 10-311] analyzing module Processor
INFO: [VRFC 10-2263] Analyzing Verilog file "D:/Xilinx/IR_TransmistterV2/Microprosessor/Microprosessor.srcs/sources_1/new/IR_Transmitter_IO.v" into library xil_defaultlib
INFO: [VRFC 10-311] analyzing module IR_Transmitter_IO
INFO: [VRFC 10-2263] Analyzing Verilog file "D:/Xilinx/IR_TransmistterV2/Microprosessor/Microprosessor.srcs/sources_1/new/Timer.v" into library xil_defaultlib
INFO: [VRFC 10-311] analyzing module Timer
INFO: [VRFC 10-2263] Analyzing Verilog file "D:/Xilinx/IR_TransmistterV2/Microprosessor/Microprosessor.srcs/sources_1/new/ROM.v" into library xil_defaultlib
INFO: [VRFC 10-311] analyzing module ROM
INFO: [VRFC 10-2263] Analyzing Verilog file "D:/Xilinx/IR_TransmistterV2/Microprosessor/Microprosessor.srcs/sources_1/new/RAM.v" into library xil_defaultlib
INFO: [VRFC 10-311] analyzing module RAM
INFO: [VRFC 10-2263] Analyzing Verilog file "D:/Xilinx/IR_TransmistterV2/Microprosessor/Microprosessor.srcs/sources_1/new/LEDs_IO.v" into library xil_defaultlib
INFO: [VRFC 10-311] analyzing module LEDs_IO
INFO: [VRFC 10-2263] Analyzing Verilog file "D:/Xilinx/IR_TransmistterV2/Microprosessor/Microprosessor.srcs/sources_1/new/microprocessor_system.v" into library xil_defaultlib
INFO: [VRFC 10-311] analyzing module microprocessor_system
INFO: [VRFC 10-2263] Analyzing Verilog file "D:/Xilinx/IR_TransmistterV2/Microprosessor/Microprosessor.srcs/sim_1/new/microprocessor_tb.v" into library xil_defaultlib
INFO: [VRFC 10-311] analyzing module microprocessor_tb
INFO: [VRFC 10-2263] Analyzing Verilog file "D:/Xilinx/IR_TransmistterV2/Microprosessor/Microprosessor.sim/sim_1/behav/glbl.v" into library xil_defaultlib
INFO: [VRFC 10-311] analyzing module glbl
